  stdafx.cpp
  Page.cpp
  MainWnd.cpp
  DockView.cpp
  App.cpp
  WorkThread.cpp
  util.cpp
  ProgressDlg.cpp
  ProFile.cpp
  PathCtrl.cpp
  ObjectCtrl.cpp
  LogList.cpp
  fsutil.cpp
  DragDrop.cpp
  SQLiteDB.cpp
  Main.cpp
  正在生成代码...
  sqlite3.c
  shell.c
  正在生成代码...
Main.obj : warning LNK4075: 忽略“/EDITANDCONTINUE”(由于“/SAFESEH”规范)
    正在创建库 ../lib/Commond.lib 和对象 ../lib/Commond.exp
  Common.vcxproj -> D:\dev\c++\Common2.0\src\../bin/Commond.dll
  Common.vcxproj -> ../build/Commond.pdb (Full PDB)
